<?xml version="1.0" encoding="UTF-8"?>
<!-- Generated by org.testng.reporters.JUnitReportReporter -->
<testsuite hostname="Kallol" name="com.mytest.webdriver.MyFirstTest" tests="1" failures="0" timestamp="22 Sep 2015 09:42:20 GMT" time="108.735" errors="0">
  <testcase name="startDriver" time="108.735" classname="com.mytest.webdriver.MyFirstTest"/>
</testsuite>
